nohup: ignoring input

  .   ____          _            __ _ _
 /\\ / ___'_ __ _ _(_)_ __  __ _ \ \ \ \
( ( )\___ | '_ | '_| | '_ \/ _` | \ \ \ \
 \\/  ___)| |_)| | | | | || (_| |  ) ) ) )
  '  |____| .__|_| |_|_| |_\__, | / / / /
 =========|_|==============|___/=/_/_/_/
 :: Spring Boot ::                (v3.2.0)

2025-08-05T12:47:17.724Z  INFO 4159 --- [           main] com.todoapp.TodoAppApplication           : Starting TodoAppApplication v1.0.0 using Java 21.0.7 with PID 4159 (/workspace/target/todo-app-1.0.0.jar started by ubuntu in /workspace)
2025-08-05T12:47:17.726Z DEBUG 4159 --- [           main] com.todoapp.TodoAppApplication           : Running with Spring Boot v3.2.0, Spring v6.1.1
2025-08-05T12:47:17.726Z  INFO 4159 --- [           main] com.todoapp.TodoAppApplication           : No active profile set, falling back to 1 default profile: "default"
2025-08-05T12:47:18.355Z  INFO 4159 --- [           main] .s.d.r.c.RepositoryConfigurationDelegate : Bootstrapping Spring Data JPA repositories in DEFAULT mode.
2025-08-05T12:47:18.387Z  INFO 4159 --- [           main] .s.d.r.c.RepositoryConfigurationDelegate : Finished Spring Data repository scanning in 27 ms. Found 2 JPA repository interfaces.
2025-08-05T12:47:18.723Z  INFO 4159 --- [           main] o.s.b.w.embedded.tomcat.TomcatWebServer  : Tomcat initialized with port 8080 (http)
2025-08-05T12:47:18.729Z  INFO 4159 --- [           main] o.apache.catalina.core.StandardService   : Starting service [Tomcat]
2025-08-05T12:47:18.729Z  INFO 4159 --- [           main] o.apache.catalina.core.StandardEngine    : Starting Servlet engine: [Apache Tomcat/10.1.16]
2025-08-05T12:47:19.198Z  INFO 4159 --- [           main] org.apache.jasper.servlet.TldScanner     : At least one JAR was scanned for TLDs yet contained no TLDs. Enable debug logging for this logger for a complete list of JARs that were scanned but no TLDs were found in them. Skipping unneeded JARs during scanning can improve startup time and JSP compilation time.
2025-08-05T12:47:19.336Z  INFO 4159 --- [           main] o.a.c.c.C.[Tomcat].[localhost].[/]       : Initializing Spring embedded WebApplicationContext
2025-08-05T12:47:19.337Z  INFO 4159 --- [           main] w.s.c.ServletWebServerApplicationContext : Root WebApplicationContext: initialization completed in 1547 ms
2025-08-05T12:47:19.363Z  INFO 4159 --- [           main] com.zaxxer.hikari.HikariDataSource       : HikariPool-1 - Starting...
2025-08-05T12:47:19.525Z  INFO 4159 --- [           main] com.zaxxer.hikari.pool.HikariPool        : HikariPool-1 - Added connection conn0: url=jdbc:h2:mem:todoapp user=SA
2025-08-05T12:47:19.527Z  INFO 4159 --- [           main] com.zaxxer.hikari.HikariDataSource       : HikariPool-1 - Start completed.
2025-08-05T12:47:19.537Z  INFO 4159 --- [           main] o.s.b.a.h2.H2ConsoleAutoConfiguration    : H2 console available at '/h2-console'. Database available at 'jdbc:h2:mem:todoapp'
2025-08-05T12:47:19.638Z  INFO 4159 --- [           main] o.hibernate.jpa.internal.util.LogHelper  : HHH000204: Processing PersistenceUnitInfo [name: default]
2025-08-05T12:47:19.676Z  INFO 4159 --- [           main] org.hibernate.Version                    : HHH000412: Hibernate ORM core version 6.3.1.Final
2025-08-05T12:47:19.696Z  INFO 4159 --- [           main] o.h.c.internal.RegionFactoryInitiator    : HHH000026: Second-level cache disabled
2025-08-05T12:47:19.824Z  INFO 4159 --- [           main] o.s.o.j.p.SpringPersistenceUnitInfo      : No LoadTimeWeaver setup: ignoring JPA class transformer
2025-08-05T12:47:19.849Z  WARN 4159 --- [           main] org.hibernate.orm.deprecation            : HHH90000025: H2Dialect does not need to be specified explicitly using 'hibernate.dialect' (remove the property setting and it will be selected by default)
2025-08-05T12:47:20.381Z  INFO 4159 --- [           main] o.h.e.t.j.p.i.JtaPlatformInitiator       : HHH000489: No JTA platform available (set 'hibernate.transaction.jta.platform' to enable JTA platform integration)
Hibernate: 
    create table todos (
        id bigint generated by default as identity,
        completed boolean not null,
        created_at timestamp(6),
        description TEXT,
        due_date timestamp(6),
        priority varchar(255) not null check (priority in ('LOW','MEDIUM','HIGH','URGENT')),
        title varchar(255) not null,
        updated_at timestamp(6),
        user_id bigint not null,
        primary key (id)
    )
Hibernate: 
    create table users (
        id bigint generated by default as identity,
        created_at timestamp(6),
        email varchar(255) not null,
        password varchar(255) not null,
        updated_at timestamp(6),
        username varchar(255) not null,
        primary key (id)
    )
Hibernate: 
    alter table if exists users 
       drop constraint if exists UK_6dotkott2kjsp8vw4d0m25fb7
Hibernate: 
    alter table if exists users 
       add constraint UK_6dotkott2kjsp8vw4d0m25fb7 unique (email)
Hibernate: 
    alter table if exists users 
       drop constraint if exists UK_r43af9ap4edm43mmtq01oddj6
Hibernate: 
    alter table if exists users 
       add constraint UK_r43af9ap4edm43mmtq01oddj6 unique (username)
Hibernate: 
    alter table if exists todos 
       add constraint FK9605g76a1dggbvs18f2r80gvu 
       foreign key (user_id) 
       references users
2025-08-05T12:47:20.432Z  INFO 4159 --- [           main] j.LocalContainerEntityManagerFactoryBean : Initialized JPA EntityManagerFactory for persistence unit 'default'
2025-08-05T12:47:20.716Z  INFO 4159 --- [           main] o.s.d.j.r.query.QueryEnhancerFactory     : Hibernate is in classpath; If applicable, HQL parser will be used.
2025-08-05T12:47:20.962Z  WARN 4159 --- [           main] JpaBaseConfiguration$JpaWebConfiguration : spring.jpa.open-in-view is enabled by default. Therefore, database queries may be performed during view rendering. Explicitly configure spring.jpa.open-in-view to disable this warning
2025-08-05T12:47:21.090Z  INFO 4159 --- [           main] o.s.s.web.DefaultSecurityFilterChain     : Will secure any request with [org.springframework.security.web.session.DisableEncodeUrlFilter@8374911, org.springframework.security.web.context.request.async.WebAsyncManagerIntegrationFilter@106dee26, org.springframework.security.web.context.SecurityContextHolderFilter@4086e003, org.springframework.security.web.header.HeaderWriterFilter@19cc697c, org.springframework.web.filter.CorsFilter@6b0aa757, org.springframework.security.web.csrf.CsrfFilter@58397dee, org.springframework.security.web.authentication.logout.LogoutFilter@2bfe398b, org.springframework.security.web.authentication.UsernamePasswordAuthenticationFilter@5b1dd206, org.springframework.security.web.savedrequest.RequestCacheAwareFilter@33c590, org.springframework.security.web.servletapi.SecurityContextHolderAwareRequestFilter@6ec5c4e2, org.springframework.security.web.authentication.AnonymousAuthenticationFilter@2f4b2ee3, org.springframework.security.web.access.ExceptionTranslationFilter@197bf5ef, org.springframework.security.web.access.intercept.AuthorizationFilter@4a609803]
2025-08-05T12:47:21.253Z  INFO 4159 --- [           main] o.s.b.w.embedded.tomcat.TomcatWebServer  : Tomcat started on port 8080 (http) with context path ''
2025-08-05T12:47:21.261Z  INFO 4159 --- [           main] com.todoapp.TodoAppApplication           : Started TodoAppApplication in 3.815 seconds (process running for 4.117)
Hibernate: 
    select
        u1_0.id,
        u1_0.created_at,
        u1_0.email,
        u1_0.password,
        u1_0.updated_at,
        u1_0.username 
    from
        users u1_0 
    where
        u1_0.username=?
Hibernate: 
    insert 
    into
        users
        (created_at, email, password, updated_at, username, id) 
    values
        (?, ?, ?, ?, ?, default)
Hibernate: 
    insert 
    into
        todos
        (completed, created_at, description, due_date, priority, title, updated_at, user_id, id) 
    values
        (?, ?, ?, ?, ?, ?, ?, ?, default)
Hibernate: 
    insert 
    into
        todos
        (completed, created_at, description, due_date, priority, title, updated_at, user_id, id) 
    values
        (?, ?, ?, ?, ?, ?, ?, ?, default)
Hibernate: 
    insert 
    into
        todos
        (completed, created_at, description, due_date, priority, title, updated_at, user_id, id) 
    values
        (?, ?, ?, ?, ?, ?, ?, ?, default)
Hibernate: 
    insert 
    into
        todos
        (completed, created_at, description, due_date, priority, title, updated_at, user_id, id) 
    values
        (?, ?, ?, ?, ?, ?, ?, ?, default)
Hibernate: 
    insert 
    into
        todos
        (completed, created_at, description, due_date, priority, title, updated_at, user_id, id) 
    values
        (?, ?, ?, ?, ?, ?, ?, ?, default)
Hibernate: 
    insert 
    into
        todos
        (completed, created_at, description, due_date, priority, title, updated_at, user_id, id) 
    values
        (?, ?, ?, ?, ?, ?, ?, ?, default)
Hibernate: 
    select
        t1_0.id,
        t1_0.completed,
        t1_0.created_at,
        t1_0.description,
        t1_0.due_date,
        t1_0.priority,
        t1_0.title,
        t1_0.updated_at,
        t1_0.user_id 
    from
        todos t1_0 
    where
        t1_0.id=?
Hibernate: 
    update
        todos 
    set
        completed=?,
        created_at=?,
        description=?,
        due_date=?,
        priority=?,
        title=?,
        updated_at=?,
        user_id=? 
    where
        id=?
Demo data initialized successfully!
Demo user credentials:
Username: demo
Password: password123
2025-08-05T12:47:28.666Z  INFO 4159 --- [nio-8080-exec-1] o.a.c.c.C.[Tomcat].[localhost].[/]       : Initializing Spring DispatcherServlet 'dispatcherServlet'
2025-08-05T12:47:28.666Z  INFO 4159 --- [nio-8080-exec-1] o.s.web.servlet.DispatcherServlet        : Initializing Servlet 'dispatcherServlet'
2025-08-05T12:47:28.667Z  INFO 4159 --- [nio-8080-exec-1] o.s.web.servlet.DispatcherServlet        : Completed initialization in 1 ms
2025-08-05T12:47:28.671Z DEBUG 4159 --- [nio-8080-exec-1] o.s.security.web.FilterChainProxy        : Securing GET /login
2025-08-05T12:47:28.674Z  WARN 4159 --- [nio-8080-exec-1] o.s.w.s.h.HandlerMappingIntrospector     : Cache miss for REQUEST dispatch to '/login' (previous null). Performing CorsConfiguration lookup. This is logged once only at WARN level, and every time at TRACE.
2025-08-05T12:47:28.682Z DEBUG 4159 --- [nio-8080-exec-1] o.s.security.web.FilterChainProxy        : Secured GET /login
2025-08-05T12:47:28.706Z DEBUG 4159 --- [nio-8080-exec-1] o.s.security.web.FilterChainProxy        : Securing GET /WEB-INF/jsp/auth/login.jsp
2025-08-05T12:47:28.707Z DEBUG 4159 --- [nio-8080-exec-1] o.s.s.w.a.AnonymousAuthenticationFilter  : Set SecurityContextHolder to anonymous SecurityContext
2025-08-05T12:47:28.713Z DEBUG 4159 --- [nio-8080-exec-1] o.s.s.w.s.HttpSessionRequestCache        : Saved request http://localhost:8080/WEB-INF/jsp/auth/login.jsp?continue to session
2025-08-05T12:47:28.714Z DEBUG 4159 --- [nio-8080-exec-1] o.s.s.web.DefaultRedirectStrategy        : Redirecting to http://localhost:8080/login
2025-08-05T12:47:38.361Z DEBUG 4159 --- [nio-8080-exec-2] o.s.security.web.FilterChainProxy        : Securing GET /login
2025-08-05T12:47:38.362Z DEBUG 4159 --- [nio-8080-exec-2] o.s.security.web.FilterChainProxy        : Secured GET /login
2025-08-05T12:47:38.363Z DEBUG 4159 --- [nio-8080-exec-2] o.s.security.web.FilterChainProxy        : Securing GET /WEB-INF/jsp/auth/login.jsp
2025-08-05T12:47:38.363Z DEBUG 4159 --- [nio-8080-exec-2] o.s.s.w.a.AnonymousAuthenticationFilter  : Set SecurityContextHolder to anonymous SecurityContext
2025-08-05T12:47:38.364Z DEBUG 4159 --- [nio-8080-exec-2] o.s.s.w.s.HttpSessionRequestCache        : Saved request http://localhost:8080/WEB-INF/jsp/auth/login.jsp?continue to session
2025-08-05T12:47:38.364Z DEBUG 4159 --- [nio-8080-exec-2] o.s.s.web.DefaultRedirectStrategy        : Redirecting to http://localhost:8080/login
2025-08-05T12:47:48.957Z DEBUG 4159 --- [nio-8080-exec-4] o.s.security.web.FilterChainProxy        : Securing GET /login
2025-08-05T12:47:48.958Z DEBUG 4159 --- [nio-8080-exec-4] o.s.security.web.FilterChainProxy        : Secured GET /login
2025-08-05T12:47:48.959Z DEBUG 4159 --- [nio-8080-exec-4] o.s.security.web.FilterChainProxy        : Securing GET /WEB-INF/jsp/auth/login.jsp
2025-08-05T12:47:48.959Z DEBUG 4159 --- [nio-8080-exec-4] o.s.s.w.a.AnonymousAuthenticationFilter  : Set SecurityContextHolder to anonymous SecurityContext
2025-08-05T12:47:48.960Z DEBUG 4159 --- [nio-8080-exec-4] o.s.s.w.s.HttpSessionRequestCache        : Saved request http://localhost:8080/WEB-INF/jsp/auth/login.jsp?continue to session
2025-08-05T12:47:48.960Z DEBUG 4159 --- [nio-8080-exec-4] o.s.s.web.DefaultRedirectStrategy        : Redirecting to http://localhost:8080/login
2025-08-05T12:48:22.504Z  INFO 4159 --- [ionShutdownHook] j.LocalContainerEntityManagerFactoryBean : Closing JPA EntityManagerFactory for persistence unit 'default'
2025-08-05T12:48:22.505Z  INFO 4159 --- [ionShutdownHook] com.zaxxer.hikari.HikariDataSource       : HikariPool-1 - Shutdown initiated...
2025-08-05T12:48:22.507Z  INFO 4159 --- [ionShutdownHook] com.zaxxer.hikari.HikariDataSource       : HikariPool-1 - Shutdown completed.
